<?xml version="1.0" encoding="UTF-8"?>
<testsuite name="io.confluent.developer.FileWritingRecordsHandlerTest" tests="1" skipped="0" failures="0" errors="0" timestamp="2021-03-12T21:02:29" hostname="localhost.localdomain" time="0.001">
  <properties/>
  <testcase name="testProcess" classname="io.confluent.developer.FileWritingRecordsHandlerTest" time="0.001"/>
  <system-out><![CDATA[]]></system-out>
  <system-err><![CDATA[]]></system-err>
</testsuite>
